Arguments: 
  C:\Program Files\nodejs\node.exe C:\Users\sa\AppData\Roaming\npm\node_modules\yarn\bin\yarn.js add axios

PATH: 
  C:\Users\sa\bin;C:\Program Files\Git\mingw64\bin;C:\Program Files\Git\usr\local\bin;C:\Program Files\Git\usr\bin;C:\Program Files\Git\usr\bin;C:\Program Files\Git\mingw64\bin;C:\Program Files\Git\usr\bin;C:\Users\sa\bin;C:\Program Files (x86)\Common Files\Intel\Shared Libraries\redist\intel64\compiler;C:\WINDOWS\system32;C:\WINDOWS;C:\WINDOWS\System32\Wbem;C:\WINDOWS\System32\WindowsPowerShell\v1.0;C:\WINDOWS\System32\OpenSSH;C:\Program Files\Git\cmd;C:\Program Files\nodejs;C:\ProgramData\ComposerSetup\bin;C:\Program Files\Docker\Docker\resources\bin;C:\Users\sa\AppData\Local\Programs\Python\Python311\Scripts;C:\Users\sa\AppData\Local\Programs\Python\Python311;C:\Users\sa\AppData\Local\Microsoft\WindowsApps;C:\Users\sa\AppData\Local\Programs\Microsoft VS Code\bin;C:\Users\sa\AppData\Roaming\npm;C:\xampp\php;C:\Users\sa\AppData\Roaming\Composer\vendor\bin;C:\Users\sa\AppData\Local\GitHubDesktop\bin;C:\Program Files\Git\usr\bin\vendor_perl;C:\Program Files\Git\usr\bin\core_perl

Yarn version: 
  1.22.19

Node version: 
  18.13.0

Platform: 
  win32 x64

Trace: 
  Error: EPERM: operation not permitted, unlink 'C:\Users\sa\Documents\bupaNext\bupa\node_modules\@next\swc-win32-x64-msvc\next-swc.win32-x64-msvc.node'

npm manifest: 
  {
    "name": "bupa",
    "version": "0.1.0",
    "private": true,
    "scripts": {
      "dev": "next dev",
      "build": "next build",
      "start": "next start",
      "lint": "next lint"
    },
    "dependencies": {
      "autoprefixer": "10.4.14",
      "dom-to-image": "^2.6.0",
      "html2canvas": "^1.4.1",
      "i18next": "^23.4.4",
      "i18next-browser-languagedetector": "^7.1.0",
      "i18next-http-backend": "^2.2.1",
      "jest": "^29.6.2",
      "jest-environment-jsdom": "^29.6.2",
      "js-cookie": "^3.0.5",
      "jspdf": "^2.5.1",
      "next": "13.4.13",
      "postcss": "8.4.27",
      "print-js": "^1.6.0",
      "react": "18.2.0",
      "react-dom": "18.2.0",
      "react-drag-drop-files": "^2.3.10",
      "react-i18next": "^13.1.2",
      "react-icons": "^4.10.1",
      "react-screen-capture": "^1.1.1",
      "react-select": "^5.7.4",
      "react-switch": "^7.0.0",
      "react-to-print": "^2.14.13",
      "react-toastify": "^9.1.3",
      "reactjs-popup": "^2.0.5",
      "tailwindcss": "3.3.3"
    },
    "devDependencies": {
      "@testing-library/jest-dom": "^6.0.0",
      "@testing-library/react": "^14.0.0"
    }
  }

yarn manifest: 
  No manifest

Lockfile: 
  No lockfile
